<?xml version="1.0" encoding="UTF-8"?>
<!-- Generated by org.testng.reporters.JUnitReportReporter -->
<testsuite skipped="0" hostname="DESKTOP-S33VJ14" name="com.mayur.testcases.addToCartTest" tests="1" failures="0" timestamp="16 Mar 2022 15:51:06 GMT" time="36.231" errors="0">
  <testcase name="addToCart" time="36.231" classname="com.mayur.testcases.addToCartTest"/>
</testsuite> <!-- com.mayur.testcases.addToCartTest -->
