<?xml version="1.0" encoding="UTF-8"?>
<!-- Generated by org.testng.reporters.JUnitReportReporter -->
<testsuite skipped="0" hostname="DESKTOP-S33VJ14" name="com.mayur.testcases.CreateAccountTest" tests="1" failures="0" timestamp="17 Mar 2022 03:01:37 GMT" time="64.126" errors="0">
  <testcase name="createAccountNew1" time="64.126" classname="com.mayur.testcases.CreateAccountTest"/>
</testsuite> <!-- com.mayur.testcases.CreateAccountTest -->
