<?xml version="1.0" encoding="UTF-8"?>
<!-- Generated by org.testng.reporters.JUnitReportReporter -->
<testsuite skipped="0" hostname="DESKTOP-S33VJ14" name="com.mayur.testcases.addToCartTest" tests="1" failures="0" timestamp="17 Mar 2022 08:13:24 GMT" time="41.919" errors="0">
  <testcase name="addToCart" time="41.919" classname="com.mayur.testcases.addToCartTest"/>
</testsuite> <!-- com.mayur.testcases.addToCartTest -->
