<?xml version="1.0" encoding="UTF-8"?>
<!-- Generated by org.testng.reporters.JUnitReportReporter -->
<testsuite skipped="0" hostname="DESKTOP-S33VJ14" name="com.mayur.testcases.LoginTest" tests="1" failures="0" timestamp="17 Mar 2022 08:13:24 GMT" time="58.965" errors="0">
  <testcase name="login" time="58.965" classname="com.mayur.testcases.LoginTest"/>
</testsuite> <!-- com.mayur.testcases.LoginTest -->
