<?xml version="1.0" encoding="UTF-8"?>
<!-- Generated by org.testng.reporters.JUnitReportReporter -->
<testsuite skipped="0" hostname="DESKTOP-S33VJ14" name="com.mayur.testcases.ProductSearchTest" tests="1" failures="0" timestamp="16 Mar 2022 06:08:44 GMT" time="15.828" errors="0">
  <testcase name="productSearch" time="15.828" classname="com.mayur.testcases.ProductSearchTest"/>
</testsuite> <!-- com.mayur.testcases.ProductSearchTest -->
