<?xml version="1.0" encoding="UTF-8"?>
<!-- Generated by org.testng.reporters.JUnitReportReporter -->
<testsuite skipped="0" hostname="DESKTOP-S33VJ14" name="com.mayur.testcases.PlaceOrderTest" tests="1" failures="0" timestamp="17 Mar 2022 11:47:07 GMT" time="68.705" errors="0">
  <testcase name="placeOrder" time="68.705" classname="com.mayur.testcases.PlaceOrderTest"/>
</testsuite> <!-- com.mayur.testcases.PlaceOrderTest -->
