<?xml version="1.0" encoding="UTF-8"?>
<!-- Generated by org.testng.reporters.JUnitReportReporter -->
<testsuite skipped="0" hostname="DESKTOP-S33VJ14" name="com.mayur.testcases.HomePageTest" tests="1" failures="0" timestamp="16 Mar 2022 04:52:28 GMT" time="27.023" errors="0">
  <testcase name="homeValidations" time="27.023" classname="com.mayur.testcases.HomePageTest"/>
</testsuite> <!-- com.mayur.testcases.HomePageTest -->
