<?xml version="1.0" encoding="UTF-8"?>
<!-- Generated by org.testng.reporters.JUnitReportReporter -->
<testsuite skipped="0" hostname="DESKTOP-S33VJ14" name="com.mayur.testcases.LoginTest" tests="1" failures="0" timestamp="17 Mar 2022 02:48:04 GMT" time="45.985" errors="0">
  <testcase name="login" time="45.985" classname="com.mayur.testcases.LoginTest"/>
</testsuite> <!-- com.mayur.testcases.LoginTest -->
