<?xml version="1.0" encoding="UTF-8"?>
<!-- Generated by org.testng.reporters.JUnitReportReporter -->
<testsuite skipped="0" hostname="DESKTOP-S33VJ14" name="com.mayur.testcases.ForTest" tests="1" failures="0" timestamp="18 Mar 2022 12:38:11 GMT" time="19.473" errors="0">
  <testcase name="f" time="19.473" classname="com.mayur.testcases.ForTest"/>
</testsuite> <!-- com.mayur.testcases.ForTest -->
