<?xml version="1.0" encoding="UTF-8"?>
<!-- Generated by org.testng.reporters.JUnitReportReporter -->
<testsuite skipped="0" hostname="DESKTOP-S33VJ14" name="com.mayur.testcases.paymentValidationsTest" tests="1" failures="0" timestamp="17 Mar 2022 03:15:14 GMT" time="38.381" errors="0">
  <testcase name="f" time="38.381" classname="com.mayur.testcases.paymentValidationsTest"/>
</testsuite> <!-- com.mayur.testcases.paymentValidationsTest -->
